<?xml version="1.0" encoding="UTF-8"?>
<!-- Generated by org.testng.reporters.JUnitXMLReporter -->
<testsuite ignored="0" hostname="DESKTOP-RB6EGR3" failures="1" tests="1" name="liveproject1" time="15.708" errors="0" timestamp="2023-06-20T20:04:34 CEST">
  <testcase classname="com.macswid.AddRemoveItemBasketTest" name="addRemoveItem" time="12.773">
    <failure type="java.lang.AssertionError" message="Cart amount did not match the expected amount, it found $45.24 expected $45.24">
      <![CDATA[java.lang.AssertionError: Cart amount did not match the expected amount, it found $45.24 expected $45.24
at com.macswid.AddRemoveItemBasketTest.addRemoveItem(AddRemoveItemBasketTest.java:79)
at java.base/java.util.ArrayList.forEach(ArrayList.java:1511)
at com.intellij.rt.testng.IDEARemoteTestNG.run(IDEARemoteTestNG.java:66)
at com.intellij.rt.testng.RemoteTestNGStarter.main(RemoteTestNGStarter.java:105)
... Removed 23 stack frames]]>
    </failure>
  </testcase> <!-- addRemoveItem -->
</testsuite> <!-- liveproject1 -->
