<?xml version="1.0" encoding="UTF-8"?>
<testng-results ignored="0" total="2" passed="2" failed="0" skipped="0">
  <reporter-output>
  </reporter-output>
  <suite started-at="2023-06-17T17:26:10 CEST" name="All Test Suite" finished-at="2023-06-17T17:26:24 CEST" duration-ms="14273">
    <groups>
    </groups>
    <test started-at="2023-06-17T17:26:10 CEST" name="test1" finished-at="2023-06-17T17:26:24 CEST" duration-ms="13467">
      <class name="com.macswid.AddRemoveItemBasketTest">
        <test-method is-config="true" signature="setup()[pri:0, instance:com.macswid.AddRemoveItemBasketTest@11a9e7c8]" started-at="2023-06-17T17:26:10 CEST" name="setup" finished-at="2023-06-17T17:26:14 CEST" duration-ms="3148" status="PASS">
          <reporter-output>
          </reporter-output>
        </test-method> <!-- setup -->
        <test-method signature="addRemoveItem()[pri:0, instance:com.macswid.AddRemoveItemBasketTest@11a9e7c8]" started-at="2023-06-17T17:26:14 CEST" name="addRemoveItem" finished-at="2023-06-17T17:26:23 CEST" duration-ms="9786" status="PASS">
          <reporter-output>
          </reporter-output>
        </test-method> <!-- addRemoveItem -->
        <test-method is-config="true" signature="tearDown()[pri:0, instance:com.macswid.AddRemoveItemBasketTest@11a9e7c8]" started-at="2023-06-17T17:26:23 CEST" name="tearDown" finished-at="2023-06-17T17:26:24 CEST" duration-ms="265" status="PASS">
          <reporter-output>
          </reporter-output>
        </test-method> <!-- tearDown -->
      </class> <!-- com.macswid.AddRemoveItemBasketTest -->
    </test> <!-- test1 -->
    <test started-at="2023-06-17T17:26:10 CEST" name="Test2" finished-at="2023-06-17T17:26:24 CEST" duration-ms="14273">
      <class name="com.macswid.OrderCompleteTest">
        <test-method is-config="true" signature="setup()[pri:0, instance:com.macswid.OrderCompleteTest@1f0f1111]" started-at="2023-06-17T17:26:10 CEST" name="setup" finished-at="2023-06-17T17:26:14 CEST" duration-ms="3148" status="PASS">
          <reporter-output>
          </reporter-output>
        </test-method> <!-- setup -->
        <test-method signature="endToEndTest()[pri:0, instance:com.macswid.OrderCompleteTest@1f0f1111]" started-at="2023-06-17T17:26:14 CEST" name="endToEndTest" finished-at="2023-06-17T17:26:24 CEST" duration-ms="10567" status="PASS">
          <reporter-output>
          </reporter-output>
        </test-method> <!-- endToEndTest -->
        <test-method is-config="true" signature="tearDown()[pri:0, instance:com.macswid.OrderCompleteTest@1f0f1111]" started-at="2023-06-17T17:26:24 CEST" name="tearDown" finished-at="2023-06-17T17:26:24 CEST" duration-ms="293" status="PASS">
          <reporter-output>
          </reporter-output>
        </test-method> <!-- tearDown -->
      </class> <!-- com.macswid.OrderCompleteTest -->
    </test> <!-- Test2 -->
  </suite> <!-- All Test Suite -->
</testng-results>
