<?xml version="1.0" encoding="UTF-8"?>
<testng-results ignored="0" total="2" passed="2" failed="0" skipped="0">
  <reporter-output>
  </reporter-output>
  <suite started-at="2025-01-09T14:33:09 CET" name="All Test Suite" finished-at="2025-01-09T14:33:34 CET" duration-ms="24624">
    <groups>
    </groups>
    <test started-at="2025-01-09T14:33:09 CET" name="test1" finished-at="2025-01-09T14:33:32 CET" duration-ms="23361">
      <class name="com.macswid.AddRemoveItemBasketTest">
        <test-method is-config="true" signature="setup()[pri:0, instance:com.macswid.AddRemoveItemBasketTest@33afa13b]" started-at="2025-01-09T14:33:09 CET" name="setup" finished-at="2025-01-09T14:33:15 CET" duration-ms="5873" status="PASS">
          <reporter-output>
          </reporter-output>
        </test-method> <!-- setup -->
        <test-method signature="addRemoveItem()[pri:0, instance:com.macswid.AddRemoveItemBasketTest@33afa13b]" started-at="2025-01-09T14:33:15 CET" name="addRemoveItem" finished-at="2025-01-09T14:33:32 CET" duration-ms="16534" status="PASS">
          <reporter-output>
          </reporter-output>
        </test-method> <!-- addRemoveItem -->
        <test-method is-config="true" signature="tearDown()[pri:0, instance:com.macswid.AddRemoveItemBasketTest@33afa13b]" started-at="2025-01-09T14:33:32 CET" name="tearDown" finished-at="2025-01-09T14:33:32 CET" duration-ms="365" status="PASS">
          <reporter-output>
          </reporter-output>
        </test-method> <!-- tearDown -->
      </class> <!-- com.macswid.AddRemoveItemBasketTest -->
    </test> <!-- test1 -->
    <test started-at="2025-01-09T14:33:09 CET" name="Test2" finished-at="2025-01-09T14:33:34 CET" duration-ms="24624">
      <class name="com.macswid.OrderCompleteTest">
        <test-method is-config="true" signature="setup()[pri:0, instance:com.macswid.OrderCompleteTest@363ee3a2]" started-at="2025-01-09T14:33:09 CET" name="setup" finished-at="2025-01-09T14:33:15 CET" duration-ms="5850" status="PASS">
          <reporter-output>
          </reporter-output>
        </test-method> <!-- setup -->
        <test-method signature="endToEndTest()[pri:0, instance:com.macswid.OrderCompleteTest@363ee3a2]" started-at="2025-01-09T14:33:15 CET" name="endToEndTest" finished-at="2025-01-09T14:33:33 CET" duration-ms="17877" status="PASS">
          <reporter-output>
          </reporter-output>
        </test-method> <!-- endToEndTest -->
        <test-method is-config="true" signature="tearDown()[pri:0, instance:com.macswid.OrderCompleteTest@363ee3a2]" started-at="2025-01-09T14:33:33 CET" name="tearDown" finished-at="2025-01-09T14:33:34 CET" duration-ms="291" status="PASS">
          <reporter-output>
          </reporter-output>
        </test-method> <!-- tearDown -->
      </class> <!-- com.macswid.OrderCompleteTest -->
    </test> <!-- Test2 -->
  </suite> <!-- All Test Suite -->
</testng-results>
